<?xml version="1.0" encoding="UTF-8"?>
<!-- Generated by org.testng.reporters.JUnitReportReporter -->
<testsuite hostname="DESKTOP-TL5B6PE" failures="0" tests="1" name="com.test.LoginTest" time="30.833" errors="0" timestamp="18 Mar 2023 16:35:51 GMT" skipped="0">
  <testcase classname="com.test.LoginTest" name="verifyTitalofNextPage" time="30.833"/>
</testsuite> <!-- com.test.LoginTest -->
